<?xml version="1.0" encoding="UTF-8"?>
<!-- Generated by org.testng.reporters.JUnitXMLReporter -->
<testsuite hostname="WorkStation" ignored="0" name="Default test" tests="4" failures="0" timestamp="20 Aug 2017 16:13:38 GMT" time="6.067" errors="0">
  <testcase name="searchGithub" time="1.497" classname="scrapeGithub.ScrapeGithub"/>
  <testcase name="getDates" time="0.017" classname="scrapeGithub.ScrapeGithub"/>
  <testcase name="getCommits" time="0.016" classname="scrapeGithub.ScrapeGithub"/>
  <testcase name="makeCommitGson" time="0.016" classname="scrapeGithub.ScrapeGithub"/>
</testsuite> <!-- Default test -->
