<?xml version="1.0" encoding="UTF-8"?>
<!-- Generated by org.testng.reporters.JUnitXMLReporter -->
<testsuite hostname="WorkStation" ignored="0" name="Test" tests="4" failures="0" timestamp="20 Aug 2017 04:54:06 GMT" time="13.402" errors="0">
  <testcase name="searchGithub" time="1.511" classname="scrapeGithub.ScrapeGithub"/>
  <testcase name="getDates" time="0.008" classname="scrapeGithub.ScrapeGithub"/>
  <testcase name="getCommits" time="0.006" classname="scrapeGithub.ScrapeGithub"/>
  <testcase name="makeCommitGson" time="0.002" classname="scrapeGithub.ScrapeGithub"/>
</testsuite> <!-- Test -->
