<?xml version="1.0" encoding="UTF-8"?>
<testng-results skipped="0" failed="0" ignored="0" total="1" passed="1">
  <reporter-output>
  </reporter-output>
  <suite name="Default suite" duration-ms="6158" started-at="2017-08-19T19:58:19Z" finished-at="2017-08-19T19:58:25Z">
    <groups>
    </groups>
    <test name="Default test" duration-ms="6158" started-at="2017-08-19T19:58:19Z" finished-at="2017-08-19T19:58:25Z">
      <class name="scrapeGithub.ScrapeGithub">
        <test-method status="PASS" signature="setUp()[pri:0, instance:scrapeGithub.ScrapeGithub@523884b2]" name="setUp" is-config="true" duration-ms="2458" started-at="2017-08-19T15:58:19Z" finished-at="2017-08-19T15:58:21Z">
          <reporter-output>
          </reporter-output>
        </test-method> <!-- setUp -->
        <test-method status="PASS" signature="searchGithub()[pri:0, instance:scrapeGithub.ScrapeGithub@523884b2]" name="searchGithub" duration-ms="1618" started-at="2017-08-19T15:58:21Z" finished-at="2017-08-19T15:58:23Z">
          <reporter-output>
          </reporter-output>
        </test-method> <!-- searchGithub -->
        <test-method status="PASS" signature="coolDown()[pri:0, instance:scrapeGithub.ScrapeGithub@523884b2]" name="coolDown" is-config="true" duration-ms="2067" started-at="2017-08-19T15:58:23Z" finished-at="2017-08-19T15:58:25Z">
          <reporter-output>
          </reporter-output>
        </test-method> <!-- coolDown -->
      </class> <!-- scrapeGithub.ScrapeGithub -->
    </test> <!-- Default test -->
  </suite> <!-- Default suite -->
</testng-results>
