<?xml version="1.0" encoding="UTF-8"?>
<testng-results skipped="0" failed="0" ignored="0" total="2" passed="2">
  <reporter-output>
  </reporter-output>
  <suite name="Default suite" duration-ms="6120" started-at="2017-08-19T22:01:48Z" finished-at="2017-08-19T22:01:55Z">
    <groups>
    </groups>
    <test name="Default test" duration-ms="6120" started-at="2017-08-19T22:01:48Z" finished-at="2017-08-19T22:01:55Z">
      <class name="scrapeGithub.ScrapeGithub">
        <test-method status="PASS" signature="setUp()[pri:0, instance:scrapeGithub.ScrapeGithub@523884b2]" name="setUp" is-config="true" duration-ms="2342" started-at="2017-08-19T18:01:48Z" finished-at="2017-08-19T18:01:51Z">
          <reporter-output>
          </reporter-output>
        </test-method> <!-- setUp -->
        <test-method status="PASS" signature="searchGithub()[pri:1, instance:scrapeGithub.ScrapeGithub@523884b2]" name="searchGithub" duration-ms="1648" started-at="2017-08-19T18:01:51Z" finished-at="2017-08-19T18:01:52Z">
          <reporter-output>
          </reporter-output>
        </test-method> <!-- searchGithub -->
        <test-method status="PASS" signature="getFirstCommit()[pri:2, instance:scrapeGithub.ScrapeGithub@523884b2]" name="getFirstCommit" duration-ms="47" started-at="2017-08-19T18:01:52Z" finished-at="2017-08-19T18:01:52Z">
          <reporter-output>
          </reporter-output>
        </test-method> <!-- getFirstCommit -->
        <test-method status="PASS" signature="coolDown()[pri:0, instance:scrapeGithub.ScrapeGithub@523884b2]" name="coolDown" is-config="true" duration-ms="2068" started-at="2017-08-19T18:01:52Z" finished-at="2017-08-19T18:01:55Z">
          <reporter-output>
          </reporter-output>
        </test-method> <!-- coolDown -->
      </class> <!-- scrapeGithub.ScrapeGithub -->
    </test> <!-- Default test -->
  </suite> <!-- Default suite -->
</testng-results>
